<?xml version="1.0" encoding="UTF-8"?>
<!-- Generated by org.testng.reporters.JUnitReportReporter -->
<testsuite hostname="Anandhi-PC" failures="0" tests="1" name="requests.httpreq" time="2.048" errors="0" timestamp="2023-07-10T18:11:09 PDT" skipped="0">
  <testcase classname="requests.httpreq" name="getuser" time="2.048"/>
  <system-out/>
</testsuite> <!-- requests.httpreq -->
