<?xml version="1.0" encoding="UTF-8"?>
<!-- Generated by org.testng.reporters.JUnitReportReporter -->
<testsuite hostname="Anandhi-PC" failures="0" tests="1" name="Testnglearning.learning" time="0.008" errors="0" timestamp="2023-05-25T17:57:56 PDT" skipped="0">
  <testcase classname="Testnglearning.learning" name="testcase1" time="0.008"/>
  <system-out/>
</testsuite> <!-- Testnglearning.learning -->
